TN:
SF:eslint.config.js
FN:1,(empty-report)
FNF:1
FNH:0
FNDA:0,(empty-report)
DA:1,0
DA:2,0
DA:3,0
DA:4,0
DA:5,0
DA:7,0
DA:8,0
DA:9,0
DA:10,0
DA:11,0
DA:12,0
DA:13,0
DA:14,0
DA:15,0
DA:16,0
DA:17,0
DA:18,0
DA:19,0
DA:20,0
DA:21,0
DA:22,0
DA:23,0
DA:24,0
DA:25,0
DA:26,0
DA:27,0
DA:28,0
LF:27
LH:0
BRDA:1,0,0,0
BRF:1
BRH:0
end_of_record
TN:
SF:playwright.config.ts
FN:1,(empty-report)
FNF:1
FNH:0
FNDA:0,(empty-report)
DA:1,0
DA:3,0
DA:4,0
DA:5,0
DA:6,0
DA:7,0
DA:8,0
DA:9,0
DA:10,0
DA:11,0
DA:12,0
DA:13,0
DA:14,0
DA:15,0
DA:16,0
DA:17,0
DA:18,0
DA:36,0
LF:18
LH:0
BRDA:1,0,0,0
BRF:1
BRH:0
end_of_record
TN:
SF:vite.config.ts
FN:1,(empty-report)
FNF:1
FNH:0
FNDA:0,(empty-report)
DA:1,0
DA:2,0
DA:3,0
DA:6,0
DA:7,0
DA:8,0
DA:9,0
DA:10,0
DA:11,0
DA:12,0
DA:13,0
DA:14,0
DA:15,0
DA:16,0
DA:17,0
DA:18,0
DA:19,0
LF:17
LH:0
BRDA:1,0,0,0
BRF:1
BRH:0
end_of_record
TN:
SF:vitest.config.ts
FN:1,(empty-report)
FNF:1
FNH:0
FNDA:0,(empty-report)
DA:1,0
DA:2,0
DA:3,0
DA:4,0
DA:6,0
DA:7,0
DA:8,0
DA:9,0
DA:10,0
DA:11,0
DA:12,0
DA:13,0
DA:14,0
DA:15,0
DA:16,0
DA:17,0
DA:18,0
DA:19,0
DA:20,0
DA:21,0
DA:22,0
DA:23,0
DA:24,0
DA:25,0
DA:26,0
DA:27,0
DA:28,0
DA:29,0
DA:30,0
DA:31,0
DA:32,0
DA:33,0
DA:34,0
DA:35,0
DA:36,0
DA:37,0
DA:38,0
DA:39,0
DA:40,0
LF:39
LH:0
BRDA:1,0,0,0
BRF:1
BRH:0
end_of_record
TN:
SF:playwright-report/trace/index.CUq7VgrV.js
FN:1,(empty-report)
FNF:1
FNH:0
FNDA:0,(empty-report)
DA:1,0
DA:2,0
LF:2
LH:0
BRDA:1,0,0,0
BRF:1
BRH:0
end_of_record
TN:
SF:playwright-report/trace/sw.bundle.js
FN:1,(empty-report)
FNF:1
FNH:0
FNDA:0,(empty-report)
DA:1,0
DA:2,0
DA:3,0
LF:3
LH:0
BRDA:1,0,0,0
BRF:1
BRH:0
end_of_record
TN:
SF:playwright-report/trace/uiMode.CHJSAD7F.js
FN:1,(empty-report)
FNF:1
FNH:0
FNDA:0,(empty-report)
DA:1,0
DA:2,0
DA:3,0
DA:4,0
DA:5,0
LF:5
LH:0
BRDA:1,0,0,0
BRF:1
BRH:0
end_of_record
TN:
SF:playwright-report/trace/assets/codeMirrorModule-DpJ-EmBQ.js
FN:1,(empty-report)
FNF:1
FNH:0
FNDA:0,(empty-report)
DA:1,0
DA:3,0
DA:4,0
DA:5,0
DA:6,0
DA:7,0
DA:8,0
DA:9,0
DA:10,0
DA:11,0
DA:12,0
DA:13,0
DA:14,0
DA:15,0
DA:16,0
DA:17,0
DA:18,0
DA:19,0
DA:20,0
DA:21,0
DA:22,0
DA:23,0
DA:24,0
LF:23
LH:0
BRDA:1,0,0,0
BRF:1
BRH:0
end_of_record
TN:
SF:playwright-report/trace/assets/defaultSettingsView-DTenqiGw.js
FN:1,(empty-report)
FNF:1
FNH:0
FNDA:0,(empty-report)
DA:1,0
DA:2,0
DA:3,0
DA:4,0
DA:5,0
DA:6,0
DA:7,0
DA:8,0
DA:9,0
DA:10,0
DA:11,0
DA:12,0
DA:13,0
DA:14,0
DA:15,0
DA:16,0
DA:17,0
DA:18,0
DA:19,0
DA:20,0
DA:21,0
DA:22,0
DA:23,0
DA:24,0
DA:25,0
DA:26,0
DA:27,0
DA:28,0
DA:29,0
DA:30,0
DA:31,0
DA:32,0
DA:33,0
DA:34,0
DA:35,0
DA:36,0
DA:37,0
DA:38,0
DA:39,0
DA:40,0
DA:41,0
DA:42,0
DA:43,0
DA:45,0
DA:47,0
DA:48,0
DA:49,0
DA:50,0
DA:52,0
DA:53,0
DA:54,0
DA:55,0
DA:56,0
DA:57,0
DA:58,0
DA:59,0
DA:60,0
DA:61,0
DA:62,0
DA:63,0
DA:64,0
DA:65,0
DA:66,0
DA:68,0
DA:69,0
DA:70,0
DA:71,0
DA:72,0
DA:73,0
DA:74,0
DA:75,0
DA:76,0
DA:77,0
DA:78,0
DA:79,0
DA:80,0
DA:81,0
DA:82,0
DA:83,0
DA:84,0
DA:85,0
DA:86,0
DA:87,0
DA:88,0
DA:89,0
DA:90,0
DA:91,0
DA:92,0
DA:93,0
DA:94,0
DA:95,0
DA:96,0
DA:97,0
DA:98,0
DA:99,0
DA:100,0
DA:101,0
DA:102,0
DA:104,0
DA:105,0
DA:106,0
DA:107,0
DA:108,0
DA:109,0
DA:110,0
DA:111,0
DA:112,0
DA:113,0
DA:114,0
DA:115,0
DA:116,0
DA:117,0
DA:118,0
DA:119,0
DA:120,0
DA:121,0
DA:122,0
DA:123,0
DA:124,0
DA:125,0
DA:126,0
DA:127,0
DA:128,0
DA:129,0
DA:130,0
DA:131,0
DA:132,0
DA:134,0
DA:135,0
DA:136,0
DA:137,0
DA:138,0
DA:139,0
DA:140,0
DA:141,0
DA:142,0
DA:143,0
DA:144,0
DA:145,0
DA:146,0
DA:147,0
DA:148,0
DA:149,0
DA:150,0
DA:151,0
DA:152,0
DA:153,0
DA:154,0
DA:155,0
DA:156,0
DA:157,0
DA:158,0
DA:160,0
DA:161,0
DA:162,0
DA:163,0
DA:164,0
DA:165,0
DA:166,0
DA:167,0
DA:168,0
DA:169,0
DA:170,0
DA:171,0
DA:172,0
DA:173,0
DA:174,0
DA:175,0
DA:176,0
DA:177,0
DA:178,0
DA:180,0
DA:181,0
DA:182,0
DA:183,0
DA:184,0
DA:185,0
DA:186,0
DA:187,0
DA:188,0
DA:189,0
DA:190,0
DA:191,0
DA:192,0
DA:193,0
DA:194,0
DA:196,0
DA:197,0
DA:198,0
DA:199,0
DA:200,0
DA:201,0
DA:202,0
DA:203,0
DA:204,0
DA:205,0
DA:206,0
DA:207,0
DA:208,0
DA:209,0
DA:210,0
DA:211,0
DA:212,0
DA:213,0
DA:214,0
DA:215,0
DA:216,0
DA:217,0
DA:218,0
DA:219,0
DA:221,0
DA:222,0
DA:223,0
DA:224,0
DA:225,0
DA:226,0
DA:227,0
DA:228,0
DA:229,0
DA:230,0
DA:231,0
DA:232,0
DA:233,0
DA:234,0
DA:235,0
DA:236,0
DA:237,0
DA:238,0
DA:239,0
DA:240,0
DA:241,0
DA:242,0
DA:243,0
DA:244,0
DA:245,0
DA:246,0
DA:247,0
DA:248,0
DA:249,0
DA:250,0
DA:251,0
DA:252,0
DA:253,0
DA:254,0
DA:255,0
DA:256,0
DA:257,0
DA:258,0
DA:259,0
LF:249
LH:0
BRDA:1,0,0,0
BRF:1
BRH:0
end_of_record
TN:
SF:src/routes.tsx
FN:1,(empty-report)
FNF:1
FNH:0
FNDA:0,(empty-report)
DA:1,0
DA:3,0
DA:5,0
DA:6,0
DA:7,0
DA:8,0
DA:9,0
DA:10,0
LF:8
LH:0
BRDA:1,0,0,0
BRF:1
BRH:0
end_of_record
TN:
SF:src/@types/Component.d.ts
FN:1,(empty-report)
FNF:1
FNH:1
FNDA:1,(empty-report)
LF:0
LH:0
BRDA:1,0,0,1
BRF:1
BRH:1
end_of_record
TN:
SF:src/@types/company.d.ts
FN:1,(empty-report)
FNF:1
FNH:1
FNDA:1,(empty-report)
LF:0
LH:0
BRDA:1,0,0,1
BRF:1
BRH:1
end_of_record
TN:
SF:src/@types/svg.d.ts
FN:1,(empty-report)
FNF:1
FNH:1
FNDA:1,(empty-report)
LF:0
LH:0
BRDA:1,0,0,1
BRF:1
BRH:1
end_of_record
TN:
SF:src/@types/tree.d.ts
FN:1,(empty-report)
FNF:1
FNH:1
FNDA:1,(empty-report)
LF:0
LH:0
BRDA:1,0,0,1
BRF:1
BRH:1
end_of_record
TN:
SF:src/components/index.ts
FNF:0
FNH:0
DA:1,1
DA:2,1
DA:3,1
LF:3
LH:3
BRF:0
BRH:0
end_of_record
TN:
SF:src/components/Header/index.tsx
FN:17,handleUnitClick
FN:30,onClick
FNF:2
FNH:2
FNDA:1,handleUnitClick
FNDA:1,onClick
DA:1,1
DA:3,1
DA:4,1
DA:6,1
DA:14,1
DA:15,4
DA:17,4
DA:18,1
DA:19,1
DA:21,4
DA:22,4
DA:23,4
DA:24,4
DA:25,4
DA:26,12
DA:27,12
DA:28,12
DA:29,12
DA:30,12
DA:32,12
DA:33,12
DA:34,12
DA:35,4
DA:36,4
DA:37,4
DA:39,4
LF:26
LH:26
BRDA:14,0,0,4
BRDA:17,1,0,1
BRDA:25,2,0,12
BRDA:30,3,0,1
BRF:4
BRH:4
end_of_record
TN:
SF:src/components/Header/styles.ts
FN:8,__vite_ssr_import_0__.default.header.theme.theme
FN:9,__vite_ssr_import_0__.default.header.theme.theme
FN:35,__vite_ssr_import_0__.default.button.theme.theme
FN:36,__vite_ssr_import_0__.default.button.theme.theme
FN:37,__vite_ssr_import_0__.default.button.theme.theme
FN:39,__vite_ssr_import_0__.default.button.theme.theme
FN:40,__vite_ssr_import_0__.default.button.theme.theme
FNF:7
FNH:7
FNDA:4,__vite_ssr_import_0__.default.header.theme.theme
FNDA:4,__vite_ssr_import_0__.default.header.theme.theme
FNDA:12,__vite_ssr_import_0__.default.button.theme.theme
FNDA:12,__vite_ssr_import_0__.default.button.theme.theme
FNDA:12,__vite_ssr_import_0__.default.button.theme.theme
FNDA:12,__vite_ssr_import_0__.default.button.theme.theme
FNDA:12,__vite_ssr_import_0__.default.button.theme.theme
DA:1,1
DA:2,1
DA:4,1
DA:8,1
DA:9,1
DA:10,1
DA:11,1
DA:14,1
DA:15,1
DA:19,1
DA:22,1
DA:25,1
DA:26,1
DA:27,1
DA:29,1
DA:32,1
DA:35,1
DA:36,1
DA:37,1
DA:38,1
DA:39,1
DA:40,1
DA:41,1
DA:42,1
DA:43,1
DA:44,1
DA:49,1
DA:50,1
LF:28
LH:28
BRDA:8,0,0,4
BRDA:9,1,0,4
BRDA:10,2,0,4
BRDA:22,3,0,4
BRDA:29,4,0,12
BRDA:35,5,0,12
BRDA:36,6,0,12
BRDA:37,7,0,12
BRDA:38,8,0,8
BRDA:38,9,0,4
BRDA:39,10,0,12
BRDA:40,11,0,12
BRDA:41,12,0,4
BRDA:41,13,0,8
BRDA:42,14,0,12
BRDA:43,15,0,4
BRDA:43,16,0,8
BRDA:49,17,0,12
BRDA:50,18,0,4
BRDA:50,19,0,8
BRF:20
BRH:20
end_of_record
TN:
SF:src/components/Layout/styles.ts
FN:1,(empty-report)
FNF:1
FNH:0
FNDA:0,(empty-report)
DA:1,0
DA:2,0
DA:4,0
DA:8,0
DA:11,0
DA:17,0
LF:6
LH:0
BRDA:1,0,0,0
BRF:1
BRH:0
end_of_record
TN:
SF:src/components/MainContent/index.tsx
FN:17,getStatusColor
FN:28,getStatusText
FNF:2
FNH:2
FNDA:1,getStatusColor
FNDA:1,getStatusText
DA:1,1
DA:3,1
DA:4,1
DA:6,1
DA:7,1
DA:9,1
DA:10,4
DA:11,4
DA:13,4
DA:14,3
DA:15,3
DA:17,1
DA:18,1
DA:19,1
DA:20,1
DA:21,1
DA:22,0
DA:23,1
DA:24,0
DA:25,1
DA:26,1
DA:28,1
DA:29,1
DA:30,1
DA:31,1
DA:32,1
DA:33,0
DA:34,1
DA:35,0
DA:36,1
DA:37,1
DA:39,1
DA:40,1
DA:41,1
DA:42,1
DA:43,1
DA:44,1
DA:45,1
DA:46,1
DA:47,1
DA:49,1
LF:41
LH:37
BRDA:9,0,0,4
BRDA:13,1,0,3
BRDA:15,2,0,1
BRDA:17,3,0,1
BRDA:21,4,0,0
BRDA:23,5,0,0
BRDA:28,6,0,1
BRDA:32,7,0,0
BRDA:34,8,0,0
BRF:9
BRH:5
end_of_record
TN:
SF:src/components/MainContent/styles.ts
FN:1,(empty-report)
FNF:1
FNH:0
FNDA:0,(empty-report)
DA:1,0
DA:2,0
DA:4,0
DA:18,0
DA:22,0
DA:24,0
DA:27,0
DA:34,0
DA:37,0
DA:38,0
DA:42,0
DA:46,0
DA:49,0
DA:52,0
DA:54,0
DA:55,0
DA:56,0
DA:58,0
DA:60,0
DA:61,0
DA:62,0
DA:63,0
DA:65,0
DA:66,0
DA:69,0
DA:72,0
DA:75,0
DA:76,0
DA:77,0
DA:78,0
DA:81,0
DA:82,0
DA:83,0
DA:86,0
DA:90,0
DA:93,0
DA:96,0
DA:97,0
DA:98,0
DA:99,0
DA:102,0
DA:105,0
DA:108,0
DA:111,0
DA:114,0
DA:118,0
DA:121,0
DA:124,0
DA:125,0
DA:126,0
DA:127,0
DA:128,0
DA:131,0
DA:132,0
DA:134,0
DA:138,0
DA:141,0
DA:144,0
DA:145,0
DA:146,0
DA:148,0
DA:149,0
DA:150,0
DA:151,0
DA:152,0
DA:153,0
DA:154,0
DA:155,0
DA:156,0
DA:157,0
DA:158,0
DA:159,0
DA:162,0
DA:163,0
DA:164,0
DA:167,0
DA:169,0
DA:172,0
DA:173,0
DA:174,0
DA:175,0
DA:178,0
DA:179,0
DA:182,0
DA:183,0
DA:184,0
DA:187,0
DA:190,0
DA:191,0
DA:193,0
DA:198,0
DA:200,0
DA:201,0
DA:204,0
DA:205,0
DA:206,0
DA:207,0
DA:208,0
DA:211,0
DA:213,0
DA:215,0
DA:216,0
DA:219,0
DA:220,0
DA:221,0
DA:224,0
DA:227,0
DA:230,0
DA:233,0
DA:234,0
DA:237,0
LF:111
LH:0
BRDA:1,0,0,0
BRF:1
BRH:0
end_of_record
TN:
SF:src/components/MainContent/components/Content/index.tsx
FN:25,Content
FNF:1
FNH:1
FNDA:6,Content
DA:1,1
DA:25,1
DA:26,6
DA:27,6
DA:28,6
DA:29,6
DA:30,6
DA:31,6
DA:32,6
DA:33,6
DA:34,18
DA:35,18
DA:36,18
DA:37,12
DA:39,18
DA:40,6
DA:41,6
DA:42,6
DA:43,6
DA:44,6
DA:45,6
DA:46,6
DA:47,6
DA:48,6
DA:49,6
DA:50,6
DA:51,6
DA:52,6
DA:53,6
DA:54,6
DA:55,5
DA:56,1
DA:57,6
DA:58,6
DA:60,6
DA:61,6
DA:62,6
DA:63,6
DA:64,6
DA:66,6
DA:67,6
DA:68,6
DA:69,6
DA:70,6
DA:72,6
DA:73,6
DA:74,6
DA:75,6
LF:48
LH:48
BRDA:25,0,0,6
BRDA:54,1,0,5
BRDA:55,2,0,1
BRDA:33,3,0,18
BRDA:36,4,0,12
BRF:5
BRH:5
end_of_record
TN:
SF:src/components/MainContent/components/Content/styles.ts
FN:22,__vite_ssr_import_0__.default.main.theme.theme
FN:34,__vite_ssr_import_0__.default.div.theme.theme
FN:54,__vite_ssr_import_0__.default.div.theme.theme
FN:58,__vite_ssr_import_0__.default.div.theme.theme
FN:60,__vite_ssr_import_0__.default.div.theme.theme
FN:96,__vite_ssr_import_0__.default.div.theme.theme
FN:124,__vite_ssr_import_0__.default.div.theme.theme
FN:125,__vite_ssr_import_0__.default.div.theme.theme
FN:126,__vite_ssr_import_0__.default.div.theme.theme
FN:173,__vite_ssr_import_0__.default.span.theme.theme
FN:174,__vite_ssr_import_0__.default.span.theme.theme
FN:175,__vite_ssr_import_0__.default.span.theme.theme
FN:184,__vite_ssr_import_0__.default.h1.theme.theme
FN:205,__vite_ssr_import_0__.default.div.theme.theme
FN:206,__vite_ssr_import_0__.default.div.theme.theme
FN:207,__vite_ssr_import_0__.default.div.theme.theme
FN:215,__vite_ssr_import_0__.default.img.theme.theme
FNF:17
FNH:5
FNDA:6,__vite_ssr_import_0__.default.main.theme.theme
FNDA:0,__vite_ssr_import_0__.default.div.theme.theme
FNDA:0,__vite_ssr_import_0__.default.div.theme.theme
FNDA:0,__vite_ssr_import_0__.default.div.theme.theme
FNDA:0,__vite_ssr_import_0__.default.div.theme.theme
FNDA:6,__vite_ssr_import_0__.default.div.theme.theme
FNDA:6,__vite_ssr_import_0__.default.div.theme.theme
FNDA:6,__vite_ssr_import_0__.default.div.theme.theme
FNDA:6,__vite_ssr_import_0__.default.div.theme.theme
FNDA:0,__vite_ssr_import_0__.default.span.theme.theme
FNDA:0,__vite_ssr_import_0__.default.span.theme.theme
FNDA:0,__vite_ssr_import_0__.default.span.theme.theme
FNDA:0,__vite_ssr_import_0__.default.h1.theme.theme
FNDA:0,__vite_ssr_import_0__.default.div.theme.theme
FNDA:0,__vite_ssr_import_0__.default.div.theme.theme
FNDA:0,__vite_ssr_import_0__.default.div.theme.theme
FNDA:0,__vite_ssr_import_0__.default.img.theme.theme
DA:1,1
DA:2,1
DA:4,1
DA:18,1
DA:22,1
DA:24,1
DA:27,1
DA:34,1
DA:37,1
DA:38,1
DA:42,1
DA:46,1
DA:49,1
DA:52,1
DA:54,1
DA:55,1
DA:56,1
DA:58,1
DA:60,1
DA:61,0
DA:62,0
DA:63,1
DA:65,1
DA:66,1
DA:69,1
DA:72,1
DA:75,1
DA:76,1
DA:77,1
DA:78,1
DA:81,1
DA:82,1
DA:83,1
DA:86,1
DA:90,1
DA:93,1
DA:96,1
DA:97,1
DA:98,1
DA:99,1
DA:102,1
DA:105,1
DA:108,1
DA:111,1
DA:114,1
DA:118,1
DA:121,1
DA:124,1
DA:125,1
DA:126,1
DA:127,1
DA:128,1
DA:131,1
DA:132,1
DA:134,1
DA:138,1
DA:141,1
DA:144,1
DA:145,1
DA:146,1
DA:148,1
DA:149,6
DA:150,6
DA:151,1
DA:152,6
DA:153,0
DA:154,6
DA:155,5
DA:156,6
DA:157,0
DA:158,6
DA:159,6
DA:162,1
DA:163,1
DA:164,1
DA:167,1
DA:169,1
DA:172,1
DA:173,1
DA:174,1
DA:175,1
DA:178,1
DA:179,1
DA:182,1
DA:183,1
DA:184,1
DA:187,1
DA:190,1
DA:191,1
DA:193,1
DA:198,1
DA:200,1
DA:201,1
DA:204,1
DA:205,1
DA:206,1
DA:207,1
DA:208,1
DA:211,1
DA:213,1
DA:215,1
DA:216,1
DA:219,1
DA:220,1
DA:221,1
DA:224,1
DA:227,1
DA:230,1
DA:233,1
DA:234,1
DA:237,1
LF:111
LH:107
BRDA:22,0,0,6
BRDA:24,1,0,6
BRDA:49,2,0,6
BRDA:72,3,0,18
BRDA:77,4,0,18
BRDA:83,5,0,18
BRDA:96,6,0,6
BRDA:97,7,0,6
BRDA:99,8,0,6
BRDA:105,9,0,18
BRDA:111,10,0,12
BRDA:118,11,0,6
BRDA:124,12,0,6
BRDA:125,13,0,6
BRDA:126,14,0,6
BRDA:127,15,0,6
BRDA:134,16,0,6
BRDA:141,17,0,6
BRDA:148,18,0,6
BRDA:150,19,0,1
BRDA:152,20,0,0
BRDA:154,21,0,5
BRDA:156,22,0,0
BRDA:164,23,0,6
BRF:24
BRH:22
end_of_record
TN:
SF:src/components/MainContent/components/EmptyComponent/index.tsx
FN:3,EmptyComponent
FNF:1
FNH:1
FNDA:4,EmptyComponent
DA:1,1
DA:3,1
DA:4,4
DA:5,4
DA:6,4
DA:7,4
DA:8,4
DA:9,4
DA:10,4
DA:11,4
DA:13,4
LF:11
LH:11
BRDA:3,0,0,4
BRF:1
BRH:1
end_of_record
TN:
SF:src/components/MainContent/components/EmptyComponent/styles.ts
FN:8,__vite_ssr_import_0__.default.div.theme.theme
FNF:1
FNH:1
FNDA:4,__vite_ssr_import_0__.default.div.theme.theme
DA:1,1
DA:2,1
DA:4,1
DA:8,1
DA:10,1
DA:13,1
DA:17,1
DA:20,1
DA:25,1
DA:26,1
DA:28,1
LF:11
LH:11
BRDA:8,0,0,4
BRDA:10,1,0,4
BRDA:17,2,0,4
BRDA:25,3,0,4
BRF:4
BRH:4
end_of_record
TN:
SF:src/components/Sidebar/index.tsx
FN:18,filterNode
FN:43,buildTree
FN:82,processAssetChildren
FN:129,sortNodes
FN:142,handleNodeClick
FN:160,toggleNode
FN:203,onChange
FNF:7
FNH:7
FNDA:4,filterNode
FNDA:4,buildTree
FNDA:2,processAssetChildren
FNDA:8,sortNodes
FNDA:1,handleNodeClick
FNDA:1,toggleNode
FNDA:1,onChange
DA:1,1
DA:2,1
DA:4,1
DA:5,1
DA:6,1
DA:8,1
DA:9,11
DA:10,11
DA:11,11
DA:12,11
DA:14,11
DA:15,10
DA:17,1
DA:18,1
DA:19,4
DA:20,4
DA:21,4
DA:22,4
DA:24,4
DA:25,2
DA:26,2
DA:28,4
DA:29,0
DA:30,0
DA:31,0
DA:32,0
DA:33,0
DA:35,2
DA:36,4
DA:38,1
DA:39,1
DA:40,1
DA:41,11
DA:43,11
DA:44,4
DA:45,4
DA:46,4
DA:47,4
DA:48,4
DA:50,4
DA:51,8
DA:52,8
DA:53,8
DA:54,8
DA:55,8
DA:56,8
DA:57,8
DA:58,8
DA:60,8
DA:61,2
DA:62,2
DA:63,4
DA:65,4
DA:66,8
DA:67,6
DA:68,6
DA:69,2
DA:70,2
DA:71,6
DA:72,4
DA:74,4
DA:75,4
DA:76,8
DA:77,6
DA:78,6
DA:79,6
DA:80,4
DA:82,4
DA:83,2
DA:84,2
DA:85,2
DA:86,2
DA:87,2
DA:88,2
DA:89,2
DA:90,2
DA:91,2
DA:92,2
DA:93,2
DA:94,2
DA:95,2
DA:97,2
DA:98,0
DA:99,0
DA:100,2
DA:101,2
DA:102,2
DA:104,4
DA:105,8
DA:106,2
DA:107,2
DA:108,2
DA:109,2
DA:110,2
DA:111,2
DA:112,2
DA:113,2
DA:114,2
DA:116,2
DA:117,2
DA:118,2
DA:119,2
DA:120,2
DA:121,2
DA:122,0
DA:123,0
DA:125,2
DA:126,2
DA:127,4
DA:129,4
DA:130,8
DA:131,8
DA:132,8
DA:133,4
DA:134,4
DA:135,8
DA:136,8
DA:138,4
DA:139,4
DA:140,4
DA:142,11
DA:143,1
DA:144,0
DA:145,0
DA:146,0
DA:147,0
DA:148,0
DA:149,0
DA:150,0
DA:151,0
DA:152,0
DA:153,0
DA:154,0
DA:155,1
DA:156,1
DA:157,1
DA:158,1
DA:160,11
DA:161,1
DA:162,1
DA:163,1
DA:164,0
DA:165,1
DA:166,1
DA:167,1
DA:168,1
DA:169,1
DA:170,1
DA:172,11
DA:173,11
DA:175,11
DA:176,5
DA:177,5
DA:178,5
DA:179,5
DA:180,4
DA:181,5
DA:182,4
DA:183,4
DA:184,4
DA:185,4
DA:186,4
DA:187,11
DA:188,11
DA:189,11
DA:190,11
DA:191,11
DA:192,11
DA:193,11
DA:195,11
DA:196,11
DA:197,11
DA:198,1
DA:200,10
DA:201,10
DA:202,10
DA:203,10
DA:204,10
DA:205,10
DA:206,10
DA:207,10
DA:208,4
DA:209,4
DA:210,4
DA:211,4
DA:212,4
DA:213,4
DA:214,4
DA:215,4
DA:216,4
DA:217,10
DA:218,10
DA:219,10
DA:221,11
DA:223,11
LF:195
LH:174
BRDA:8,0,0,11
BRDA:173,1,0,10
BRDA:197,2,0,1
BRDA:198,3,0,10
BRDA:14,4,0,10
BRDA:15,5,0,9
BRDA:15,6,0,1
BRDA:18,7,0,4
BRDA:24,8,0,2
BRDA:28,9,0,0
BRDA:33,10,0,2
BRDA:21,11,0,3
BRDA:22,12,0,3
BRDA:39,13,0,1
BRDA:40,14,0,1
BRDA:43,15,0,4
BRDA:50,16,0,8
BRDA:60,17,0,2
BRDA:65,18,0,8
BRDA:66,19,0,6
BRDA:68,20,0,2
BRDA:68,21,0,2
BRDA:75,22,0,8
BRDA:76,23,0,6
BRDA:77,24,0,4
BRDA:82,25,0,2
BRDA:83,26,0,0
BRDA:84,27,0,2
BRDA:88,28,0,0
BRDA:97,29,0,0
BRDA:104,30,0,8
BRDA:105,31,0,2
BRDA:105,32,0,2
BRDA:121,33,0,0
BRDA:129,34,0,8
BRDA:130,35,0,2
BRDA:131,36,0,8
BRDA:132,37,0,4
BRDA:142,38,0,1
BRDA:143,39,0,0
BRDA:160,40,0,1
BRDA:161,41,0,1
BRDA:163,42,0,0
BRDA:175,43,0,5
BRDA:179,44,0,4
BRDA:181,45,0,4
BRDA:203,46,0,1
BRDA:207,47,0,4
BRDA:213,48,0,0
BRF:49
BRH:41
end_of_record
TN:
SF:src/components/Sidebar/styles.ts
FN:20,__vite_ssr_import_0__.default.div.theme.theme
FN:21,__vite_ssr_import_0__.default.div.theme.theme
FN:24,__vite_ssr_import_0__.default.div.theme.theme
FN:25,__vite_ssr_import_0__.default.div.theme.theme
FN:29,__vite_ssr_import_0__.default.div.theme.theme
FN:48,__vite_ssr_import_0__.default.div.theme.theme
FN:49,__vite_ssr_import_0__.default.div.theme.theme
FN:50,__vite_ssr_import_0__.default.div.isExpandable.isExpandable
FN:53,__vite_ssr_import_0__.default.div.isSelected.isSelected
FN:55,__vite_ssr_import_0__.default.div.theme.theme
FN:59,__vite_ssr_import_0__.default.div.theme.theme
FN:75,__vite_ssr_import_0__.default.div.isExpandable.isExpandable
FN:108,__vite_ssr_import_0__.default.div.theme.theme
FNF:13
FNH:5
FNDA:10,__vite_ssr_import_0__.default.div.theme.theme
FNDA:10,__vite_ssr_import_0__.default.div.theme.theme
FNDA:10,__vite_ssr_import_0__.default.div.theme.theme
FNDA:10,__vite_ssr_import_0__.default.div.theme.theme
FNDA:10,__vite_ssr_import_0__.default.div.theme.theme
FNDA:0,__vite_ssr_import_0__.default.div.theme.theme
FNDA:0,__vite_ssr_import_0__.default.div.theme.theme
FNDA:0,__vite_ssr_import_0__.default.div.isExpandable.isExpandable
FNDA:0,__vite_ssr_import_0__.default.div.isSelected.isSelected
FNDA:0,__vite_ssr_import_0__.default.div.theme.theme
FNDA:0,__vite_ssr_import_0__.default.div.theme.theme
FNDA:0,__vite_ssr_import_0__.default.div.isExpandable.isExpandable
FNDA:0,__vite_ssr_import_0__.default.div.theme.theme
DA:1,1
DA:2,1
DA:3,1
DA:17,1
DA:18,1
DA:20,1
DA:21,1
DA:24,1
DA:25,1
DA:29,1
DA:30,1
DA:33,1
DA:36,1
DA:39,1
DA:42,1
DA:45,1
DA:48,1
DA:49,1
DA:50,1
DA:51,1
DA:52,1
DA:53,1
DA:55,1
DA:56,1
DA:59,1
DA:60,0
DA:61,0
DA:64,0
DA:67,0
DA:68,0
DA:69,0
DA:70,0
DA:73,1
DA:75,1
DA:76,0
DA:77,0
DA:81,0
DA:82,0
DA:83,0
DA:85,0
DA:86,0
DA:87,0
DA:89,1
DA:92,1
DA:93,1
DA:97,1
DA:98,1
DA:99,1
DA:103,1
DA:104,1
DA:107,1
DA:108,1
DA:111,1
DA:114,1
DA:115,1
DA:116,1
DA:119,1
DA:120,0
DA:121,0
DA:122,0
DA:123,0
DA:124,0
DA:125,0
DA:126,0
DA:127,0
DA:128,0
DA:129,0
DA:130,0
LF:68
LH:42
BRDA:20,0,0,10
BRDA:21,1,0,10
BRDA:24,2,0,10
BRDA:25,3,0,10
BRDA:29,4,0,10
BRDA:30,5,0,10
BRDA:36,6,0,10
BRF:7
BRH:7
end_of_record
TN:
SF:src/components/Sidebar/components/index.ts
FNF:0
FNH:0
DA:1,1
DA:2,1
DA:3,1
LF:3
LH:3
BRF:0
BRH:0
end_of_record
TN:
SF:src/components/Sidebar/components/Loading/index.tsx
FN:3,Loading
FNF:1
FNH:1
FNDA:2,Loading
DA:1,1
DA:3,1
DA:4,2
DA:5,2
DA:6,2
DA:7,2
DA:9,2
LF:7
LH:7
BRDA:3,0,0,2
BRF:1
BRH:1
end_of_record
TN:
SF:src/components/Sidebar/components/Loading/styles.ts
FN:9,__vite_ssr_import_0__.default.div.theme.theme
FNF:1
FNH:1
FNDA:2,__vite_ssr_import_0__.default.div.theme.theme
DA:1,1
DA:2,1
DA:4,1
DA:9,1
DA:10,1
DA:11,1
DA:12,1
LF:7
LH:7
BRDA:9,0,0,2
BRDA:10,1,0,2
BRF:2
BRH:2
end_of_record
TN:
SF:src/components/Sidebar/components/SearchInput/index.tsx
FN:4,SearchInput
FN:11,onChange
FNF:2
FNH:2
FNDA:27,SearchInput
FNDA:1,onChange
DA:1,1
DA:2,1
DA:4,1
DA:5,27
DA:7,27
DA:8,27
DA:9,27
DA:10,27
DA:11,27
DA:12,27
DA:13,27
DA:15,27
LF:12
LH:12
BRDA:4,0,0,27
BRDA:11,1,0,1
BRF:2
BRH:2
end_of_record
TN:
SF:src/components/Sidebar/components/SearchInput/styles.ts
FN:6,__vite_ssr_import_0__.default.input.theme.theme
FN:7,__vite_ssr_import_0__.default.input.theme.theme
FN:8,__vite_ssr_import_0__.default.input.theme.theme
FNF:3
FNH:3
FNDA:27,__vite_ssr_import_0__.default.input.theme.theme
FNDA:27,__vite_ssr_import_0__.default.input.theme.theme
FNDA:27,__vite_ssr_import_0__.default.input.theme.theme
DA:1,1
DA:2,1
DA:4,1
DA:6,1
DA:7,1
DA:8,1
DA:9,1
DA:10,1
LF:8
LH:8
BRDA:6,0,0,27
BRDA:7,1,0,27
BRDA:8,2,0,27
BRDA:9,3,0,27
BRF:4
BRH:4
end_of_record
TN:
SF:src/components/Sidebar/components/TreeItem/index.tsx
FN:20,TreeItem
FN:40,onClick
FNF:2
FNH:2
FNDA:7,TreeItem
FNDA:1,onClick
DA:1,1
DA:9,1
DA:20,1
DA:21,7
DA:22,7
DA:23,7
DA:24,7
DA:25,7
DA:26,7
DA:27,7
DA:28,7
DA:30,7
DA:31,7
DA:32,7
DA:33,7
DA:34,7
DA:35,7
DA:36,7
DA:37,7
DA:39,7
DA:40,7
DA:42,7
DA:43,7
DA:44,7
DA:45,7
DA:46,7
DA:47,7
DA:48,7
DA:49,2
DA:50,2
DA:51,2
DA:52,2
DA:53,0
DA:55,2
DA:57,7
DA:58,7
DA:59,1
DA:60,1
DA:61,2
DA:62,2
DA:63,2
DA:64,2
DA:65,2
DA:66,2
DA:67,2
DA:68,2
DA:69,2
DA:70,1
DA:71,1
DA:73,7
DA:75,7
LF:51
LH:50
BRDA:20,0,0,7
BRDA:37,1,0,2
BRDA:37,2,0,5
BRDA:48,3,0,2
BRDA:48,4,0,2
BRDA:52,5,0,0
BRDA:58,6,0,1
BRDA:58,7,0,1
BRDA:40,8,0,1
BRDA:60,9,0,2
BRF:10
BRH:9
end_of_record
TN:
SF:src/components/Sidebar/components/TreeItem/styles.ts
FN:20,__vite_ssr_import_0__.default.div.theme.theme
FN:21,__vite_ssr_import_0__.default.div.theme.theme
FN:22,__vite_ssr_import_0__.default.div.isExpandable.isExpandable
FN:25,__vite_ssr_import_0__.default.div.isSelected.isSelected
FN:27,__vite_ssr_import_0__.default.div.theme.theme
FN:31,__vite_ssr_import_0__.default.div.theme.theme
FN:47,__vite_ssr_import_0__.default.div.isExpandable.isExpandable
FN:80,__vite_ssr_import_0__.default.div.theme.theme
FNF:8
FNH:8
FNDA:7,__vite_ssr_import_0__.default.div.theme.theme
FNDA:7,__vite_ssr_import_0__.default.div.theme.theme
FNDA:7,__vite_ssr_import_0__.default.div.isExpandable.isExpandable
FNDA:7,__vite_ssr_import_0__.default.div.isSelected.isSelected
FNDA:7,__vite_ssr_import_0__.default.div.theme.theme
FNDA:7,__vite_ssr_import_0__.default.div.theme.theme
FNDA:7,__vite_ssr_import_0__.default.div.isExpandable.isExpandable
FNDA:1,__vite_ssr_import_0__.default.div.theme.theme
DA:1,1
DA:2,1
DA:3,1
DA:17,1
DA:20,1
DA:21,1
DA:22,1
DA:23,1
DA:24,1
DA:25,1
DA:27,1
DA:28,1
DA:31,1
DA:32,7
DA:33,6
DA:36,6
DA:39,6
DA:40,6
DA:41,6
DA:42,6
DA:45,1
DA:47,1
DA:48,7
DA:49,2
DA:53,2
DA:54,2
DA:55,2
DA:57,2
DA:58,2
DA:59,2
DA:61,1
DA:64,1
DA:65,1
DA:69,1
DA:70,1
DA:71,1
DA:75,1
DA:76,1
DA:79,1
DA:80,1
DA:83,1
DA:86,1
DA:87,1
DA:88,1
DA:91,1
DA:92,2
DA:93,2
DA:94,2
DA:95,2
DA:96,0
DA:97,2
DA:98,0
DA:99,2
DA:100,0
DA:101,2
DA:102,2
LF:56
LH:53
BRDA:20,0,0,7
BRDA:21,1,0,7
BRDA:22,2,0,7
BRDA:23,3,0,7
BRDA:23,4,0,6
BRDA:23,5,0,1
BRDA:25,6,0,7
BRDA:27,7,0,7
BRDA:28,8,0,0
BRDA:31,9,0,7
BRDA:32,10,0,6
BRDA:39,11,0,1
BRDA:39,12,0,5
BRDA:47,13,0,7
BRDA:48,14,0,2
BRDA:48,15,0,2
BRDA:58,16,0,0
BRDA:64,17,0,7
BRDA:65,18,0,6
BRDA:65,19,0,1
BRDA:80,20,0,1
BRDA:83,21,0,1
BRDA:91,22,0,2
BRDA:95,23,0,0
BRDA:97,24,0,0
BRDA:99,25,0,0
BRF:26
BRH:21
end_of_record
TN:
SF:src/pages/dashboard/index.tsx
FNF:0
FNH:0
DA:1,1
DA:2,1
DA:4,1
DA:5,1
DA:7,1
DA:9,1
DA:10,2
DA:12,2
DA:13,2
DA:14,2
DA:16,2
DA:17,2
DA:18,2
DA:19,2
DA:20,2
DA:21,2
DA:22,2
DA:23,2
DA:25,2
LF:19
LH:19
BRDA:9,0,0,2
BRDA:12,1,0,2
BRF:2
BRH:2
end_of_record
TN:
SF:src/pages/dashboard/styles.ts
FNF:0
FNH:0
DA:1,1
DA:3,1
DA:10,1
DA:15,1
LF:4
LH:4
BRDA:15,0,0,2
BRF:1
BRH:1
end_of_record
TN:
SF:src/stores/CompanyStore.ts
FN:4,<instance_members_initializer>
FN:17,CompanyStore
FN:21,setSelectedComponent
FN:25,setActiveCompany
FN:33,fetchCompanyData
FN:62,fetchCompanies
FN:83,get isLoading
FN:89,get hasError
FN:93,getLocationsForCompany
FN:97,getAssetsForCompany
FN:101,getAssetById
FN:105,getLocationById
FN:109,getAssetPath
FNF:13
FNH:7
FNDA:9,<instance_members_initializer>
FNDA:9,CompanyStore
FNDA:2,setSelectedComponent
FNDA:1,setActiveCompany
FNDA:0,fetchCompanyData
FNDA:1,fetchCompanies
FNDA:0,get isLoading
FNDA:0,get hasError
FNDA:2,getLocationsForCompany
FNDA:2,getAssetsForCompany
FNDA:0,getAssetById
FNDA:0,getLocationById
FNDA:0,getAssetPath
DA:1,1
DA:2,1
DA:4,1
DA:5,9
DA:6,9
DA:7,9
DA:8,9
DA:9,9
DA:10,9
DA:11,9
DA:12,9
DA:13,9
DA:14,9
DA:15,9
DA:17,9
DA:18,9
DA:19,9
DA:21,9
DA:22,2
DA:23,2
DA:25,9
DA:26,1
DA:27,1
DA:28,1
DA:29,1
DA:30,1
DA:31,1
DA:33,9
DA:34,0
DA:35,0
DA:36,0
DA:37,0
DA:39,0
DA:40,0
DA:41,0
DA:42,0
DA:44,0
DA:45,0
DA:46,0
DA:47,0
DA:48,0
DA:49,0
DA:50,0
DA:51,0
DA:52,0
DA:53,0
DA:54,0
DA:55,0
DA:56,0
DA:57,0
DA:58,0
DA:59,0
DA:60,0
DA:62,9
DA:63,1
DA:64,1
DA:65,1
DA:66,1
DA:67,0
DA:68,0
DA:69,0
DA:70,0
DA:71,0
DA:72,0
DA:73,0
DA:74,1
DA:75,1
DA:76,1
DA:77,1
DA:78,1
DA:79,1
DA:80,1
DA:81,1
DA:83,9
DA:84,0
DA:85,0
DA:87,0
DA:89,9
DA:90,0
DA:91,0
DA:93,9
DA:94,2
DA:95,2
DA:97,9
DA:98,2
DA:99,2
DA:101,9
DA:102,0
DA:103,0
DA:105,9
DA:106,0
DA:107,0
DA:109,9
DA:110,0
DA:111,0
DA:113,0
DA:114,0
DA:115,0
DA:116,0
DA:117,0
DA:118,0
DA:119,0
DA:120,0
DA:121,0
DA:122,0
DA:123,0
DA:124,0
DA:125,0
DA:126,0
DA:128,0
DA:129,0
DA:130,9
LF:112
LH:53
BRDA:4,0,0,9
BRDA:17,1,0,9
BRDA:21,2,0,2
BRDA:25,3,0,1
BRDA:62,4,0,1
BRDA:66,5,0,0
BRDA:75,6,0,1
BRDA:77,7,0,0
BRDA:93,8,0,2
BRDA:94,9,0,0
BRDA:97,10,0,2
BRDA:98,11,0,0
BRF:12
BRH:8
end_of_record
TN:
SF:src/stores/index.ts
FN:1,(empty-report)
FNF:1
FNH:0
FNDA:0,(empty-report)
DA:1,0
DA:3,0
DA:4,0
DA:6,0
DA:7,0
DA:8,0
DA:9,0
DA:11,0
DA:13,0
DA:14,0
DA:15,0
LF:11
LH:0
BRDA:1,0,0,0
BRF:1
BRH:0
end_of_record
TN:
SF:src/utils/enums.ts
FNF:0
FNH:0
DA:1,1
DA:2,1
DA:3,1
DA:4,1
DA:5,1
DA:6,1
DA:9,1
DA:10,1
DA:11,1
DA:14,1
DA:15,1
DA:16,1
DA:19,1
DA:20,1
DA:21,1
DA:22,1
LF:16
LH:16
BRDA:1,0,0,9
BRDA:9,1,0,9
BRDA:14,2,0,9
BRDA:19,3,0,9
BRF:4
BRH:4
end_of_record
TN:
SF:src/utils/index.ts
FNF:0
FNH:0
DA:1,1
DA:2,1
LF:2
LH:2
BRF:0
BRH:0
end_of_record
TN:
SF:src/utils/helper/index.ts
FNF:0
FNH:0
DA:1,1
LF:1
LH:1
BRF:0
BRH:0
end_of_record
TN:
SF:src/utils/helper/renderWithTheme.tsx
FN:5,renderWithTheme
FNF:1
FNH:1
FNDA:33,renderWithTheme
DA:1,1
DA:2,1
DA:3,1
DA:5,1
DA:6,33
LF:5
LH:5
BRDA:5,0,0,33
BRF:1
BRH:1
end_of_record
TN:
SF:test/dashboard.e2e-spec.ts
FN:1,(empty-report)
FNF:1
FNH:0
FNDA:0,(empty-report)
DA:1,0
DA:3,0
DA:4,0
DA:7,0
DA:8,0
DA:10,0
DA:11,0
DA:14,0
DA:17,0
DA:18,0
LF:10
LH:0
BRDA:1,0,0,0
BRF:1
BRH:0
end_of_record
